<?xml version="1.0" encoding="UTF-8"?>
<!-- Generated by org.testng.reporters.JUnitXMLReporter -->
<testsuite hostname="admin-PC" ignored="0" name="Default test" tests="2" failures="0" timestamp="06 Dec 2019 09:21:43 GMT" time="33.664" errors="0">
  <testcase name="VerifyHomePageLogoTest" time="0.242" classname="com.Qa.Xyphias.PageObjectModel.HomePageTest"/>
  <testcase name="VerifyHomePageToContactsPageLinkTest" time="0.27" classname="com.Qa.Xyphias.PageObjectModel.HomePageTest"/>
</testsuite> <!-- Default test -->
